<?xml version="1.0" encoding="UTF-8"?>
<robot generator="Robot 6.0.2 (Python 3.11.3 on win32)" generated="20230405 23:53:12.463" rpa="false" schemaversion="3">
<suite id="s1" name="Testrobot" source="C:\Users\Poochie\PycharmProjects\Robot\TestCase\testrobot.robot">
<test id="s1-t1" name="My First TC" line="5">
<kw name="Open Browser" library="SeleniumLibrary">
<arg>https://sdh.com.ua/</arg>
<arg>Chrome</arg>
<doc>Opens a new browser instance to the optional ``url``.</doc>
<msg timestamp="20230405 23:53:12.734" level="INFO">Opening browser 'Chrome' to base url 'https://sdh.com.ua/'.</msg>
<status status="PASS" starttime="20230405 23:53:12.734" endtime="20230405 23:53:15.166"/>
</kw>
<kw name="Maximize Browser Window" library="SeleniumLibrary">
<doc>Maximizes current browser window.</doc>
<status status="PASS" starttime="20230405 23:53:15.166" endtime="20230405 23:53:15.293"/>
</kw>
<kw name="Sleep" library="BuiltIn">
<arg>1</arg>
<doc>Pauses the test executed for the given time.</doc>
<msg timestamp="20230405 23:53:16.293" level="INFO">Slept 1 second</msg>
<status status="PASS" starttime="20230405 23:53:15.293" endtime="20230405 23:53:16.293"/>
</kw>
<kw name="Click Link" library="SeleniumLibrary">
<arg>xpath://*[@id="navbar"]/ul/li[3]/a</arg>
<doc>Clicks a link identified by ``locator``.</doc>
<msg timestamp="20230405 23:53:16.296" level="INFO">Clicking link 'xpath://*[@id="navbar"]/ul/li[3]/a'.</msg>
<status status="PASS" starttime="20230405 23:53:16.293" endtime="20230405 23:53:16.832"/>
</kw>
<kw name="Sleep" library="BuiltIn">
<arg>1</arg>
<doc>Pauses the test executed for the given time.</doc>
<msg timestamp="20230405 23:53:17.832" level="INFO">Slept 1 second</msg>
<status status="PASS" starttime="20230405 23:53:16.832" endtime="20230405 23:53:17.832"/>
</kw>
<kw name="Click Button" library="SeleniumLibrary">
<arg>xpath://*[@id="cookie-caution"]/div/div/button</arg>
<doc>Clicks the button identified by ``locator``.</doc>
<msg timestamp="20230405 23:53:17.834" level="INFO">Clicking button 'xpath://*[@id="cookie-caution"]/div/div/button'.</msg>
<status status="PASS" starttime="20230405 23:53:17.833" endtime="20230405 23:53:17.961"/>
</kw>
<kw name="Scroll Element Into View" library="SeleniumLibrary">
<arg>//*[@id="feedback-form"]/p</arg>
<doc>Scrolls the element identified by ``locator`` into view.</doc>
<status status="PASS" starttime="20230405 23:53:17.962" endtime="20230405 23:53:18.253"/>
</kw>
<kw name="Input Text" library="SeleniumLibrary">
<arg>xpath://*[@id="id_full_name"]</arg>
<arg>Микола</arg>
<doc>Types the given ``text`` into the text field identified by ``locator``.</doc>
<msg timestamp="20230405 23:53:18.255" level="INFO">Typing text 'Микола' into text field 'xpath://*[@id="id_full_name"]'.</msg>
<status status="PASS" starttime="20230405 23:53:18.254" endtime="20230405 23:53:18.375"/>
</kw>
<kw name="Input Text" library="SeleniumLibrary">
<arg>xpath://*[@id="id_phone"]</arg>
<arg>0957515333</arg>
<doc>Types the given ``text`` into the text field identified by ``locator``.</doc>
<msg timestamp="20230405 23:53:18.377" level="INFO">Typing text '0957515333' into text field 'xpath://*[@id="id_phone"]'.</msg>
<status status="PASS" starttime="20230405 23:53:18.376" endtime="20230405 23:53:18.474"/>
</kw>
<kw name="Input Text" library="SeleniumLibrary">
<arg>xpath://*[@id="id_email"]</arg>
<arg>3030cocacola@gmail.com</arg>
<doc>Types the given ``text`` into the text field identified by ``locator``.</doc>
<msg timestamp="20230405 23:53:18.475" level="INFO">Typing text '3030cocacola@gmail.com' into text field 'xpath://*[@id="id_email"]'.</msg>
<status status="PASS" starttime="20230405 23:53:18.475" endtime="20230405 23:53:18.586"/>
</kw>
<kw name="Input Text" library="SeleniumLibrary">
<arg>xpath://*[@id="id_text"]</arg>
<arg>test</arg>
<doc>Types the given ``text`` into the text field identified by ``locator``.</doc>
<msg timestamp="20230405 23:53:18.588" level="INFO">Typing text 'test' into text field 'xpath://*[@id="id_text"]'.</msg>
<status status="PASS" starttime="20230405 23:53:18.587" endtime="20230405 23:53:18.668"/>
</kw>
<kw name="Sleep" library="BuiltIn">
<arg>1</arg>
<doc>Pauses the test executed for the given time.</doc>
<msg timestamp="20230405 23:53:19.669" level="INFO">Slept 1 second</msg>
<status status="PASS" starttime="20230405 23:53:18.668" endtime="20230405 23:53:19.669"/>
</kw>
<kw name="Click Button" library="SeleniumLibrary">
<arg>xpath://*[@id="feedback-form"]/div[2]/div[3]/div/div/button</arg>
<doc>Clicks the button identified by ``locator``.</doc>
<msg timestamp="20230405 23:53:19.670" level="INFO">Clicking button 'xpath://*[@id="feedback-form"]/div[2]/div[3]/div/div/button'.</msg>
<status status="PASS" starttime="20230405 23:53:19.669" endtime="20230405 23:53:19.800"/>
</kw>
<kw name="Sleep" library="BuiltIn">
<arg>2</arg>
<doc>Pauses the test executed for the given time.</doc>
<msg timestamp="20230405 23:53:21.802" level="INFO">Slept 2 seconds</msg>
<status status="PASS" starttime="20230405 23:53:19.802" endtime="20230405 23:53:21.802"/>
</kw>
<kw name="Element Should Contain" library="SeleniumLibrary">
<arg>class:error-message</arg>
<arg>Це поле є обов'язковим.</arg>
<doc>Verifies that element ``locator`` contains text ``expected``.</doc>
<msg timestamp="20230405 23:53:21.828" level="INFO">Element 'class:error-message' contains text 'Це поле є обов'язковим.'.</msg>
<status status="PASS" starttime="20230405 23:53:21.802" endtime="20230405 23:53:21.828"/>
</kw>
<kw name="Sleep" library="BuiltIn">
<arg>5</arg>
<doc>Pauses the test executed for the given time.</doc>
<msg timestamp="20230405 23:53:26.830" level="INFO">Slept 5 seconds</msg>
<status status="PASS" starttime="20230405 23:53:21.828" endtime="20230405 23:53:26.830"/>
</kw>
<status status="PASS" starttime="20230405 23:53:12.734" endtime="20230405 23:53:26.831"/>
</test>
<status status="PASS" starttime="20230405 23:53:12.463" endtime="20230405 23:53:26.834"/>
</suite>
<statistics>
<total>
<stat pass="1" fail="0" skip="0">All Tests</stat>
</total>
<tag>
</tag>
<suite>
<stat pass="1" fail="0" skip="0" id="s1" name="Testrobot">Testrobot</stat>
</suite>
</statistics>
<errors>
</errors>
</robot>
